08:09:01.104  INFO  manager.AppManager - Start in browser CHROME
08:09:02.457  INFO  tests.TestBase - Start method -->addContactTestBase
08:09:02.457  INFO  tests.TestBase - ==================================================================
08:09:02.458  INFO  manager.MyListener - Start find element by -->By.xpath: //button[text()='Sign Out']
08:09:12.524  INFO  manager.MyListener - The element -->By.xpath: //button[text()='Sign Out']was found
08:09:12.524  INFO  manager.MyListener - Start find element by -->By.xpath: //a[.='LOGIN']
08:09:12.537  INFO  manager.MyListener - The element -->By.xpath: //a[.='LOGIN']was found
08:09:12.604  INFO  manager.MyListener - Start find element by -->By.xpath: //input[1]
08:09:12.616  INFO  manager.MyListener - The element -->By.xpath: //input[1]was found
08:09:12.871  INFO  manager.MyListener - Start find element by -->By.xpath: //input[2]
08:09:12.881  INFO  manager.MyListener - The element -->By.xpath: //input[2]was found
08:09:14.954  INFO  manager.MyListener - Start find element by -->By.xpath: //button[1]
08:09:14.968  INFO  manager.MyListener - The element -->By.xpath: //button[1]was found
08:09:15.035  INFO  manager.MyListener - Start find element by -->By.xpath: //a[.='ADD']
08:09:26.133  INFO  manager.MyListener - Screen ->>src/test/screenshots/screen-565.png
08:09:26.133  INFO  manager.MyListener - no such element: Unable to locate element: {"method":"xpath","selector":"//a[.='ADD']"}
  (Session info: chrome=97.0.4692.99)
For documentation on this error, please visit: https://www.seleniumhq.org/exceptions/no_such_element.html
Build info: version: '3.141.59', revision: 'e82be7d358', time: '2018-11-14T08:17:03'
System info: host: 'MacBook-Pro-pinhas.local', ip: '2a0d:6fc7:20a:ffc6:883d:9257:59b0:927f%en0', os.name: 'Mac OS X', os.arch: 'x86_64', os.version: '10.16', java.version: '1.8.0_231'
Driver info: org.openqa.selenium.chrome.ChromeDriver
Capabilities {acceptInsecureCerts: false, browserName: chrome, browserVersion: 97.0.4692.99, chrome: {chromedriverVersion: 96.0.4664.45 (76e4c1bb2ab46..., userDataDir: /var/folders/ng/7tbfyrwj0bb...}, goog:chromeOptions: {debuggerAddress: localhost:63486}, javascriptEnabled: true, networkConnectionEnabled: false, pageLoadStrategy: normal, platform: MAC, platformName: MAC, proxy: Proxy(), setWindowRect: true, strictFileInteractability: false, timeouts: {implicit: 0, pageLoad: 300000, script: 30000}, unhandledPromptBehavior: dismiss and notify, webauthn:extension:credBlob: true, webauthn:extension:largeBlob: true, webauthn:virtualAuthenticators: true}
Session ID: 5ea5f2630bd0f99d6b89012dafcc061f
*** Element info: {Using=xpath, value=//a[.='ADD']}
08:09:26.136  INFO  tests.TestBase - End of method -->addContactTestBase
08:09:26.138  INFO  tests.TestBase - Start method -->loginTestBase
08:09:26.138  INFO  tests.TestBase - ==================================================================
08:09:26.139  INFO  manager.MyListener - Start find element by -->By.xpath: //button[text()='Sign Out']
08:09:30.793  INFO  manager.MyListener - The element -->By.xpath: //button[text()='Sign Out']was found
08:09:30.814  INFO  manager.MyListener - Start find element by -->By.xpath: //button[text()='Sign Out']
08:09:30.842  INFO  manager.MyListener - The element -->By.xpath: //button[text()='Sign Out']was found
08:09:30.888  INFO  manager.MyListener - Start find element by -->By.xpath: //button[text()='Sign Out']
08:09:30.898  INFO  manager.MyListener - The element -->By.xpath: //button[text()='Sign Out']was found
08:09:30.941  INFO  manager.MyListener - Start find element by -->By.xpath: //a[.='LOGIN']
08:09:31.024  INFO  manager.MyListener - The element -->By.xpath: //a[.='LOGIN']was found
08:09:31.124  INFO  manager.MyListener - Start find element by -->By.xpath: //input[1]
08:09:31.154  INFO  manager.MyListener - The element -->By.xpath: //input[1]was found
08:09:31.343  INFO  manager.MyListener - Start find element by -->By.xpath: //input[2]
08:09:31.370  INFO  manager.MyListener - The element -->By.xpath: //input[2]was found
08:09:31.506  INFO  manager.MyListener - Start find element by -->By.xpath: //button[1]
08:09:31.524  INFO  manager.MyListener - The element -->By.xpath: //button[1]was found
08:09:31.575  INFO  manager.MyListener - Start find element by -->By.xpath: //button[text()='Sign Out']
08:09:31.798  INFO  manager.MyListener - The element -->By.xpath: //button[text()='Sign Out']was found
08:09:31.801  INFO  tests.TestBase - End of method -->loginTestBase
08:09:31.806  INFO  tests.TestBase - Start method -->loginTestDataProvider
08:09:31.806  INFO  tests.TestBase - ==================================================================
08:09:31.807  INFO  manager.MyListener - Start find element by -->By.xpath: //button[text()='Sign Out']
08:09:31.820  INFO  manager.MyListener - The element -->By.xpath: //button[text()='Sign Out']was found
08:09:31.821  INFO  manager.MyListener - Start find element by -->By.xpath: //button[text()='Sign Out']
08:09:31.831  INFO  manager.MyListener - The element -->By.xpath: //button[text()='Sign Out']was found
08:09:31.849  INFO  manager.MyListener - Start find element by -->By.xpath: //button[text()='Sign Out']
08:09:31.856  INFO  manager.MyListener - The element -->By.xpath: //button[text()='Sign Out']was found
08:09:31.905  INFO  manager.MyListener - Start find element by -->By.xpath: //a[.='LOGIN']
08:09:31.913  INFO  manager.MyListener - The element -->By.xpath: //a[.='LOGIN']was found
08:09:31.955  INFO  manager.MyListener - Start find element by -->By.xpath: //input[1]
08:09:31.964  INFO  manager.MyListener - The element -->By.xpath: //input[1]was found
08:09:32.074  INFO  manager.MyListener - Start find element by -->By.xpath: //input[2]
08:09:32.082  INFO  manager.MyListener - The element -->By.xpath: //input[2]was found
08:09:32.166  INFO  manager.MyListener - Start find element by -->By.xpath: //button[1]
08:09:32.174  INFO  manager.MyListener - The element -->By.xpath: //button[1]was found
08:09:34.208  INFO  manager.MyListener - Start find element by -->By.xpath: //button[text()='Sign Out']
08:09:34.214  INFO  manager.MyListener - The element -->By.xpath: //button[text()='Sign Out']was found
08:09:34.215  INFO  tests.TestBase - End of method -->loginTestDataProvider
08:09:34.216  INFO  tests.TestBase - Start method -->loginTestDataProviderClass
08:09:34.216  INFO  tests.TestBase - ==================================================================
08:09:34.217  INFO  manager.MyListener - Start find element by -->By.xpath: //button[text()='Sign Out']
08:09:34.223  INFO  manager.MyListener - The element -->By.xpath: //button[text()='Sign Out']was found
08:09:34.224  INFO  manager.MyListener - Start find element by -->By.xpath: //button[text()='Sign Out']
08:09:34.230  INFO  manager.MyListener - The element -->By.xpath: //button[text()='Sign Out']was found
08:09:34.244  INFO  manager.MyListener - Start find element by -->By.xpath: //button[text()='Sign Out']
08:09:34.251  INFO  manager.MyListener - The element -->By.xpath: //button[text()='Sign Out']was found
08:09:34.357  INFO  manager.MyListener - Start find element by -->By.xpath: //a[.='LOGIN']
08:09:34.365  INFO  manager.MyListener - The element -->By.xpath: //a[.='LOGIN']was found
08:09:34.400  INFO  manager.MyListener - Start find element by -->By.xpath: //input[1]
08:09:34.407  INFO  manager.MyListener - The element -->By.xpath: //input[1]was found
08:09:34.518  INFO  manager.MyListener - Start find element by -->By.xpath: //input[2]
08:09:34.525  INFO  manager.MyListener - The element -->By.xpath: //input[2]was found
08:09:34.593  INFO  manager.MyListener - Start find element by -->By.xpath: //button[1]
08:09:34.600  INFO  manager.MyListener - The element -->By.xpath: //button[1]was found
08:09:36.629  INFO  manager.MyListener - Start find element by -->By.xpath: //button[text()='Sign Out']
08:09:36.638  INFO  manager.MyListener - The element -->By.xpath: //button[text()='Sign Out']was found
08:09:36.639  INFO  tests.TestBase - End of method -->loginTestDataProviderClass
08:09:36.640  INFO  tests.TestBase - Start method -->loginTestPositiveNewContact
08:09:36.640  INFO  tests.TestBase - ==================================================================
08:09:36.641  INFO  manager.MyListener - Start find element by -->By.xpath: //button[text()='Sign Out']
08:09:36.648  INFO  manager.MyListener - The element -->By.xpath: //button[text()='Sign Out']was found
08:09:36.648  INFO  manager.MyListener - Start find element by -->By.xpath: //button[text()='Sign Out']
08:09:36.655  INFO  manager.MyListener - The element -->By.xpath: //button[text()='Sign Out']was found
08:09:36.669  INFO  manager.MyListener - Start find element by -->By.xpath: //button[text()='Sign Out']
08:09:36.676  INFO  manager.MyListener - The element -->By.xpath: //button[text()='Sign Out']was found
08:09:36.727  INFO  manager.MyListener - Start find element by -->By.xpath: //a[.='LOGIN']
08:09:36.736  INFO  manager.MyListener - The element -->By.xpath: //a[.='LOGIN']was found
08:09:36.767  INFO  manager.MyListener - Start find element by -->By.xpath: //input[@placeholder='Email']
08:09:36.777  INFO  manager.MyListener - The element -->By.xpath: //input[@placeholder='Email']was found
08:09:36.906  INFO  manager.MyListener - Start find element by -->By.xpath: //input[@placeholder='Password']
08:09:36.918  INFO  manager.MyListener - The element -->By.xpath: //input[@placeholder='Password']was found
08:09:36.997  INFO  manager.MyListener - Start find element by -->By.xpath: //button[.=' Login']
08:09:37.008  INFO  manager.MyListener - The element -->By.xpath: //button[.=' Login']was found
08:09:39.065  INFO  manager.MyListener - Start find element by -->By.xpath: //a[.='ADD']
08:09:39.077  INFO  manager.MyListener - The element -->By.xpath: //a[.='ADD']was found
08:09:39.089  INFO  tests.TestBase - End of method -->loginTestPositiveNewContact
08:09:39.090  INFO  tests.TestBase - Start method -->loginTestWithWrongPassword
08:09:39.090  INFO  tests.TestBase - ==================================================================
08:09:39.091  INFO  manager.MyListener - Start find element by -->By.xpath: //button[text()='Sign Out']
08:09:39.098  INFO  manager.MyListener - The element -->By.xpath: //button[text()='Sign Out']was found
08:09:39.098  INFO  manager.MyListener - Start find element by -->By.xpath: //button[text()='Sign Out']
08:09:39.105  INFO  manager.MyListener - The element -->By.xpath: //button[text()='Sign Out']was found
08:09:39.117  INFO  manager.MyListener - Start find element by -->By.xpath: //button[text()='Sign Out']
08:09:39.124  INFO  manager.MyListener - The element -->By.xpath: //button[text()='Sign Out']was found
08:09:39.157  INFO  manager.MyListener - Start find element by -->By.xpath: //a[.='LOGIN']
08:09:39.165  INFO  manager.MyListener - The element -->By.xpath: //a[.='LOGIN']was found
08:09:39.217  INFO  manager.MyListener - Start find element by -->By.xpath: //input[1]
08:09:39.224  INFO  manager.MyListener - The element -->By.xpath: //input[1]was found
08:09:39.336  INFO  manager.MyListener - Start find element by -->By.xpath: //input[2]
08:09:39.342  INFO  manager.MyListener - The element -->By.xpath: //input[2]was found
08:09:39.424  INFO  manager.MyListener - Start find element by -->By.xpath: //button[1]
08:09:39.430  INFO  manager.MyListener - The element -->By.xpath: //button[1]was found
08:09:40.005  INFO  manager.MyListener - Start find element by -->By.xpath: //button[text()='Sign Out']
08:09:50.029  INFO  manager.MyListener - The element -->By.xpath: //button[text()='Sign Out']was found
08:09:50.030  INFO  tests.TestBase - End of method -->loginTestWithWrongPassword
08:09:50.031  INFO  tests.TestBase - Start method -->quicktest
08:09:50.031  INFO  tests.TestBase - ==================================================================
08:09:50.032  INFO  tests.TestBase - End of method -->quicktest
08:09:50.033  INFO  tests.TestBase - Start method -->smokeTest
08:09:50.033  INFO  tests.TestBase - ==================================================================
08:09:50.034  INFO  tests.TestBase - End of method -->smokeTest
08:11:31.751  INFO  manager.AppManager - Start in browser CHROME
08:11:32.757  INFO  tests.TestBase - Start method -->addContactTestBase
08:11:32.757  INFO  tests.TestBase - ==================================================================
08:11:32.758  INFO  manager.MyListener - Start find element by -->By.xpath: //button[text()='Sign Out']
08:11:42.818  INFO  manager.MyListener - The element -->By.xpath: //button[text()='Sign Out']was found
08:11:42.819  INFO  manager.MyListener - Start find element by -->By.xpath: //a[.='LOGIN']
08:11:42.832  INFO  manager.MyListener - The element -->By.xpath: //a[.='LOGIN']was found
08:11:42.897  INFO  manager.MyListener - Start find element by -->By.xpath: //input[1]
08:11:42.908  INFO  manager.MyListener - The element -->By.xpath: //input[1]was found
08:11:43.130  INFO  manager.MyListener - Start find element by -->By.xpath: //input[2]
08:11:43.139  INFO  manager.MyListener - The element -->By.xpath: //input[2]was found
08:11:45.211  INFO  manager.MyListener - Start find element by -->By.xpath: //button[1]
08:11:45.224  INFO  manager.MyListener - The element -->By.xpath: //button[1]was found
08:11:45.317  INFO  manager.MyListener - Start find element by -->By.xpath: //a[.='ADD']
08:11:46.220  INFO  manager.MyListener - The element -->By.xpath: //a[.='ADD']was found
08:11:46.268  INFO  manager.MyListener - Start find element by -->By.cssSelector: input[placeholder$='Name']:first-child
08:11:46.279  INFO  manager.MyListener - The element -->By.cssSelector: input[placeholder$='Name']:first-childwas found
08:11:46.393  INFO  manager.MyListener - Start find element by -->By.cssSelector: input[placeholder$='Last Name']
08:11:46.406  INFO  manager.MyListener - The element -->By.cssSelector: input[placeholder$='Last Name']was found
08:11:46.478  INFO  manager.MyListener - Start find element by -->By.cssSelector: input[placeholder$='Phone']
08:11:46.490  INFO  manager.MyListener - The element -->By.cssSelector: input[placeholder$='Phone']was found
08:11:46.569  INFO  manager.MyListener - Start find element by -->By.cssSelector: input[placeholder$='email']
08:11:46.579  INFO  manager.MyListener - The element -->By.cssSelector: input[placeholder$='email']was found
08:11:46.645  INFO  manager.MyListener - Start find element by -->By.cssSelector: input[placeholder$='Address']
08:11:46.656  INFO  manager.MyListener - The element -->By.cssSelector: input[placeholder$='Address']was found
08:11:46.724  INFO  manager.MyListener - Start find element by -->By.cssSelector: input[placeholder$='description']
08:11:46.732  INFO  manager.MyListener - The element -->By.cssSelector: input[placeholder$='description']was found
08:11:46.801  INFO  manager.MyListener - Start find element by -->By.xpath: //button/b
08:11:46.814  INFO  manager.MyListener - The element -->By.xpath: //button/bwas found
08:11:46.843  INFO  manager.MyListener - Start find element by -->By.xpath: //h3
08:11:47.454  INFO  manager.MyListener - The element -->By.xpath: //h3was found
08:11:47.630  INFO  tests.TestBase - End of method -->addContactTestBase
08:11:55.386  INFO  manager.AppManager - Start in browser CHROME
08:11:56.400  INFO  tests.TestBase - Start method -->addContactTestBase
08:11:56.400  INFO  tests.TestBase - ==================================================================
08:11:56.401  INFO  manager.MyListener - Start find element by -->By.xpath: //button[text()='Sign Out']
08:12:06.433  INFO  manager.MyListener - The element -->By.xpath: //button[text()='Sign Out']was found
08:12:06.433  INFO  manager.MyListener - Start find element by -->By.xpath: //a[.='LOGIN']
08:12:06.446  INFO  manager.MyListener - The element -->By.xpath: //a[.='LOGIN']was found
08:12:06.537  INFO  manager.MyListener - Start find element by -->By.xpath: //input[1]
08:12:06.549  INFO  manager.MyListener - The element -->By.xpath: //input[1]was found
08:12:06.774  INFO  manager.MyListener - Start find element by -->By.xpath: //input[2]
08:12:06.786  INFO  manager.MyListener - The element -->By.xpath: //input[2]was found
08:12:08.859  INFO  manager.MyListener - Start find element by -->By.xpath: //button[1]
08:12:08.873  INFO  manager.MyListener - The element -->By.xpath: //button[1]was found
08:12:08.943  INFO  manager.MyListener - Start find element by -->By.xpath: //a[.='ADD']
08:12:09.802  INFO  manager.MyListener - The element -->By.xpath: //a[.='ADD']was found
08:12:09.852  INFO  manager.MyListener - Start find element by -->By.cssSelector: input[placeholder$='Name']:first-child
08:12:09.865  INFO  manager.MyListener - The element -->By.cssSelector: input[placeholder$='Name']:first-childwas found
08:12:09.977  INFO  manager.MyListener - Start find element by -->By.cssSelector: input[placeholder$='Last Name']
08:12:09.990  INFO  manager.MyListener - The element -->By.cssSelector: input[placeholder$='Last Name']was found
08:12:10.063  INFO  manager.MyListener - Start find element by -->By.cssSelector: input[placeholder$='Phone']
08:12:10.075  INFO  manager.MyListener - The element -->By.cssSelector: input[placeholder$='Phone']was found
08:12:10.155  INFO  manager.MyListener - Start find element by -->By.cssSelector: input[placeholder$='email']
08:12:10.166  INFO  manager.MyListener - The element -->By.cssSelector: input[placeholder$='email']was found
08:12:10.239  INFO  manager.MyListener - Start find element by -->By.cssSelector: input[placeholder$='Address']
08:12:10.251  INFO  manager.MyListener - The element -->By.cssSelector: input[placeholder$='Address']was found
08:12:10.313  INFO  manager.MyListener - Start find element by -->By.cssSelector: input[placeholder$='description']
08:12:10.321  INFO  manager.MyListener - The element -->By.cssSelector: input[placeholder$='description']was found
08:12:10.400  INFO  manager.MyListener - Start find element by -->By.xpath: //button/b
08:12:10.413  INFO  manager.MyListener - The element -->By.xpath: //button/bwas found
08:12:10.441  INFO  manager.MyListener - Start find element by -->By.xpath: //h3
08:12:10.953  INFO  manager.MyListener - The element -->By.xpath: //h3was found
08:12:11.142  INFO  tests.TestBase - End of method -->addContactTestBase
08:12:11.144  INFO  tests.TestBase - Start method -->loginTestBase
08:12:11.144  INFO  tests.TestBase - ==================================================================
08:12:11.145  INFO  manager.MyListener - Start find element by -->By.xpath: //button[text()='Sign Out']
08:12:11.152  INFO  manager.MyListener - The element -->By.xpath: //button[text()='Sign Out']was found
08:12:11.163  INFO  manager.MyListener - Start find element by -->By.xpath: //button[text()='Sign Out']
08:12:11.174  INFO  manager.MyListener - The element -->By.xpath: //button[text()='Sign Out']was found
08:12:11.197  INFO  manager.MyListener - Start find element by -->By.xpath: //button[text()='Sign Out']
08:12:11.203  INFO  manager.MyListener - The element -->By.xpath: //button[text()='Sign Out']was found
08:12:11.262  INFO  manager.MyListener - Start find element by -->By.xpath: //a[.='LOGIN']
08:12:11.269  INFO  manager.MyListener - The element -->By.xpath: //a[.='LOGIN']was found
08:12:11.302  INFO  manager.MyListener - Start find element by -->By.xpath: //input[1]
08:12:11.309  INFO  manager.MyListener - The element -->By.xpath: //input[1]was found
08:12:11.433  INFO  manager.MyListener - Start find element by -->By.xpath: //input[2]
08:12:11.442  INFO  manager.MyListener - The element -->By.xpath: //input[2]was found
08:12:11.524  INFO  manager.MyListener - Start find element by -->By.xpath: //button[1]
08:12:11.532  INFO  manager.MyListener - The element -->By.xpath: //button[1]was found
08:12:11.592  INFO  manager.MyListener - Start find element by -->By.xpath: //button[text()='Sign Out']
08:12:11.764  INFO  manager.MyListener - The element -->By.xpath: //button[text()='Sign Out']was found
08:12:11.765  INFO  tests.TestBase - End of method -->loginTestBase
08:12:11.769  INFO  tests.TestBase - Start method -->loginTestDataProvider
08:12:11.769  INFO  tests.TestBase - ==================================================================
08:12:11.769  INFO  manager.MyListener - Start find element by -->By.xpath: //button[text()='Sign Out']
08:12:11.777  INFO  manager.MyListener - The element -->By.xpath: //button[text()='Sign Out']was found
08:12:11.777  INFO  manager.MyListener - Start find element by -->By.xpath: //button[text()='Sign Out']
08:12:11.784  INFO  manager.MyListener - The element -->By.xpath: //button[text()='Sign Out']was found
08:12:11.804  INFO  manager.MyListener - Start find element by -->By.xpath: //button[text()='Sign Out']
08:12:11.811  INFO  manager.MyListener - The element -->By.xpath: //button[text()='Sign Out']was found
08:12:11.888  INFO  manager.MyListener - Start find element by -->By.xpath: //a[.='LOGIN']
08:12:11.895  INFO  manager.MyListener - The element -->By.xpath: //a[.='LOGIN']was found
08:12:11.926  INFO  manager.MyListener - Start find element by -->By.xpath: //input[1]
08:12:11.935  INFO  manager.MyListener - The element -->By.xpath: //input[1]was found
08:12:12.079  INFO  manager.MyListener - Start find element by -->By.xpath: //input[2]
08:12:12.086  INFO  manager.MyListener - The element -->By.xpath: //input[2]was found
08:12:12.164  INFO  manager.MyListener - Start find element by -->By.xpath: //button[1]
08:12:12.171  INFO  manager.MyListener - The element -->By.xpath: //button[1]was found
08:12:14.232  INFO  manager.MyListener - Start find element by -->By.xpath: //button[text()='Sign Out']
08:12:14.244  INFO  manager.MyListener - The element -->By.xpath: //button[text()='Sign Out']was found
08:12:14.246  INFO  tests.TestBase - End of method -->loginTestDataProvider
08:12:14.247  INFO  tests.TestBase - Start method -->loginTestDataProviderClass
08:12:14.247  INFO  tests.TestBase - ==================================================================
08:12:14.248  INFO  manager.MyListener - Start find element by -->By.xpath: //button[text()='Sign Out']
08:12:14.256  INFO  manager.MyListener - The element -->By.xpath: //button[text()='Sign Out']was found
08:12:14.256  INFO  manager.MyListener - Start find element by -->By.xpath: //button[text()='Sign Out']
08:12:14.263  INFO  manager.MyListener - The element -->By.xpath: //button[text()='Sign Out']was found
08:12:14.276  INFO  manager.MyListener - Start find element by -->By.xpath: //button[text()='Sign Out']
08:12:14.283  INFO  manager.MyListener - The element -->By.xpath: //button[text()='Sign Out']was found
08:12:14.370  INFO  manager.MyListener - Start find element by -->By.xpath: //a[.='LOGIN']
08:12:14.377  INFO  manager.MyListener - The element -->By.xpath: //a[.='LOGIN']was found
08:12:14.406  INFO  manager.MyListener - Start find element by -->By.xpath: //input[1]
08:12:14.414  INFO  manager.MyListener - The element -->By.xpath: //input[1]was found
08:12:14.524  INFO  manager.MyListener - Start find element by -->By.xpath: //input[2]
08:12:14.532  INFO  manager.MyListener - The element -->By.xpath: //input[2]was found
08:12:14.612  INFO  manager.MyListener - Start find element by -->By.xpath: //button[1]
08:12:14.619  INFO  manager.MyListener - The element -->By.xpath: //button[1]was found
08:12:16.680  INFO  manager.MyListener - Start find element by -->By.xpath: //button[text()='Sign Out']
08:12:16.689  INFO  manager.MyListener - The element -->By.xpath: //button[text()='Sign Out']was found
08:12:16.690  INFO  tests.TestBase - End of method -->loginTestDataProviderClass
08:12:16.691  INFO  tests.TestBase - Start method -->loginTestPositiveNewContact
08:12:16.691  INFO  tests.TestBase - ==================================================================
08:12:16.691  INFO  manager.MyListener - Start find element by -->By.xpath: //button[text()='Sign Out']
08:12:16.699  INFO  manager.MyListener - The element -->By.xpath: //button[text()='Sign Out']was found
08:12:16.699  INFO  manager.MyListener - Start find element by -->By.xpath: //button[text()='Sign Out']
08:12:16.706  INFO  manager.MyListener - The element -->By.xpath: //button[text()='Sign Out']was found
08:12:16.719  INFO  manager.MyListener - Start find element by -->By.xpath: //button[text()='Sign Out']
08:12:16.725  INFO  manager.MyListener - The element -->By.xpath: //button[text()='Sign Out']was found
08:12:16.805  INFO  manager.MyListener - Start find element by -->By.xpath: //a[.='LOGIN']
08:12:16.812  INFO  manager.MyListener - The element -->By.xpath: //a[.='LOGIN']was found
08:12:16.847  INFO  manager.MyListener - Start find element by -->By.xpath: //input[@placeholder='Email']
08:12:16.859  INFO  manager.MyListener - The element -->By.xpath: //input[@placeholder='Email']was found
08:12:16.965  INFO  manager.MyListener - Start find element by -->By.xpath: //input[@placeholder='Password']
08:12:16.975  INFO  manager.MyListener - The element -->By.xpath: //input[@placeholder='Password']was found
08:12:17.054  INFO  manager.MyListener - Start find element by -->By.xpath: //button[.=' Login']
08:12:17.065  INFO  manager.MyListener - The element -->By.xpath: //button[.=' Login']was found
08:12:19.124  INFO  manager.MyListener - Start find element by -->By.xpath: //a[.='ADD']
08:12:19.137  INFO  manager.MyListener - The element -->By.xpath: //a[.='ADD']was found
08:12:19.150  INFO  tests.TestBase - End of method -->loginTestPositiveNewContact
08:12:19.150  INFO  tests.TestBase - Start method -->loginTestWithWrongPassword
08:12:19.150  INFO  tests.TestBase - ==================================================================
08:12:19.151  INFO  manager.MyListener - Start find element by -->By.xpath: //button[text()='Sign Out']
08:12:19.158  INFO  manager.MyListener - The element -->By.xpath: //button[text()='Sign Out']was found
08:12:19.158  INFO  manager.MyListener - Start find element by -->By.xpath: //button[text()='Sign Out']
08:12:19.165  INFO  manager.MyListener - The element -->By.xpath: //button[text()='Sign Out']was found
08:12:19.177  INFO  manager.MyListener - Start find element by -->By.xpath: //button[text()='Sign Out']
08:12:19.184  INFO  manager.MyListener - The element -->By.xpath: //button[text()='Sign Out']was found
08:12:19.261  INFO  manager.MyListener - Start find element by -->By.xpath: //a[.='LOGIN']
08:12:19.287  INFO  manager.MyListener - The element -->By.xpath: //a[.='LOGIN']was found
08:12:19.319  INFO  manager.MyListener - Start find element by -->By.xpath: //input[1]
08:12:19.325  INFO  manager.MyListener - The element -->By.xpath: //input[1]was found
08:12:19.465  INFO  manager.MyListener - Start find element by -->By.xpath: //input[2]
08:12:19.473  INFO  manager.MyListener - The element -->By.xpath: //input[2]was found
08:12:19.549  INFO  manager.MyListener - Start find element by -->By.xpath: //button[1]
08:12:19.555  INFO  manager.MyListener - The element -->By.xpath: //button[1]was found
08:12:20.146  INFO  manager.MyListener - Start find element by -->By.xpath: //button[text()='Sign Out']
08:12:30.176  INFO  manager.MyListener - The element -->By.xpath: //button[text()='Sign Out']was found
08:12:30.177  INFO  tests.TestBase - End of method -->loginTestWithWrongPassword
08:12:30.178  INFO  tests.TestBase - Start method -->quicktest
08:12:30.178  INFO  tests.TestBase - ==================================================================
08:12:30.179  INFO  tests.TestBase - End of method -->quicktest
08:12:30.179  INFO  tests.TestBase - Start method -->smokeTest
08:12:30.179  INFO  tests.TestBase - ==================================================================
08:12:30.180  INFO  tests.TestBase - End of method -->smokeTest
